mode: atomic
github.com/VictoriaMetrics/VictoriaMetrics/app/victoria-metrics/test/parser.go:17.58,19.2 1 4
github.com/VictoriaMetrics/VictoriaMetrics/app/victoria-metrics/test/parser.go:22.58,23.70 1 4
github.com/VictoriaMetrics/VictoriaMetrics/app/victoria-metrics/test/parser.go:23.70,27.22 4 7
github.com/VictoriaMetrics/VictoriaMetrics/app/victoria-metrics/test/parser.go:34.3,34.38 1 7
github.com/VictoriaMetrics/VictoriaMetrics/app/victoria-metrics/test/parser.go:46.3,46.14 1 0
github.com/VictoriaMetrics/VictoriaMetrics/app/victoria-metrics/test/parser.go:27.22,29.18 2 3
github.com/VictoriaMetrics/VictoriaMetrics/app/victoria-metrics/test/parser.go:32.4,32.24 1 3
github.com/VictoriaMetrics/VictoriaMetrics/app/victoria-metrics/test/parser.go:29.18,31.5 1 0
github.com/VictoriaMetrics/VictoriaMetrics/app/victoria-metrics/test/parser.go:35.17,36.46 1 3
github.com/VictoriaMetrics/VictoriaMetrics/app/victoria-metrics/test/parser.go:37.19,38.50 1 1
github.com/VictoriaMetrics/VictoriaMetrics/app/victoria-metrics/test/parser.go:39.18,40.53 1 2
github.com/VictoriaMetrics/VictoriaMetrics/app/victoria-metrics/test/parser.go:41.18,42.50 1 1
github.com/VictoriaMetrics/VictoriaMetrics/app/victoria-metrics/test/parser.go:43.11,44.63 1 0
github.com/VictoriaMetrics/VictoriaMetrics/app/victoria-metrics/test/parser.go:50.38,52.2 1 2
github.com/VictoriaMetrics/VictoriaMetrics/app/victoria-metrics/test/prom_types.go:16.39,17.14 1 0
github.com/VictoriaMetrics/VictoriaMetrics/app/victoria-metrics/test/prom_types.go:20.2,22.27 3 0
github.com/VictoriaMetrics/VictoriaMetrics/app/victoria-metrics/test/prom_types.go:28.2,28.10 1 0
github.com/VictoriaMetrics/VictoriaMetrics/app/victoria-metrics/test/prom_types.go:17.14,19.3 1 0
github.com/VictoriaMetrics/VictoriaMetrics/app/victoria-metrics/test/prom_types.go:22.27,23.34 1 0
github.com/VictoriaMetrics/VictoriaMetrics/app/victoria-metrics/test/prom_types.go:23.34,26.4 2 0
github.com/VictoriaMetrics/VictoriaMetrics/app/victoria-metrics/test/prom_types.go:30.34,32.2 1 0
github.com/VictoriaMetrics/VictoriaMetrics/app/victoria-metrics/test/prom_types.go:35.59,39.16 4 0
github.com/VictoriaMetrics/VictoriaMetrics/app/victoria-metrics/test/prom_types.go:42.2,42.22 1 0
github.com/VictoriaMetrics/VictoriaMetrics/app/victoria-metrics/test/prom_types.go:39.16,41.3 1 0
github.com/VictoriaMetrics/VictoriaMetrics/app/victoria-metrics/test/prom_types.go:46.60,49.2 2 0
github.com/VictoriaMetrics/VictoriaMetrics/app/victoria-metrics/test/prom_types.go:52.71,54.27 2 0
github.com/VictoriaMetrics/VictoriaMetrics/app/victoria-metrics/test/prom_types.go:68.2,68.27 1 0
github.com/VictoriaMetrics/VictoriaMetrics/app/victoria-metrics/test/prom_types.go:54.27,55.59 1 0
github.com/VictoriaMetrics/VictoriaMetrics/app/victoria-metrics/test/prom_types.go:55.59,56.4 1 0
github.com/VictoriaMetrics/VictoriaMetrics/app/victoria-metrics/test/prom_types.go:64.4,65.17 2 0
github.com/VictoriaMetrics/VictoriaMetrics/app/victoria-metrics/test/prom_types.go:56.4,58.19 2 0
github.com/VictoriaMetrics/VictoriaMetrics/app/victoria-metrics/test/prom_types.go:61.5,62.50 2 0
github.com/VictoriaMetrics/VictoriaMetrics/app/victoria-metrics/test/prom_types.go:58.19,60.6 1 0
github.com/VictoriaMetrics/VictoriaMetrics/app/victoria-metrics/test/prom_types.go:71.64,74.16 3 0
github.com/VictoriaMetrics/VictoriaMetrics/app/victoria-metrics/test/prom_types.go:79.2,80.13 2 0
github.com/VictoriaMetrics/VictoriaMetrics/app/victoria-metrics/test/prom_types.go:74.16,78.3 3 0
github.com/VictoriaMetrics/VictoriaMetrics/app/victoria-metrics/test/prom_types.go:90.26,90.43 1 0
github.com/VictoriaMetrics/VictoriaMetrics/app/victoria-metrics/test/prom_types.go:99.30,99.51 1 0
github.com/VictoriaMetrics/VictoriaMetrics/app/victoria-metrics/test/prom_types.go:108.25,108.41 1 0
github.com/VictoriaMetrics/VictoriaMetrics/app/victoria-metrics/test/prom_types.go:116.26,116.43 1 0
github.com/VictoriaMetrics/VictoriaMetrics/app/victoria-metrics/test/prom_types.go:119.53,123.16 4 0
github.com/VictoriaMetrics/VictoriaMetrics/app/victoria-metrics/test/prom_types.go:126.2,126.22 1 0
github.com/VictoriaMetrics/VictoriaMetrics/app/victoria-metrics/test/prom_types.go:123.16,125.3 1 0
github.com/VictoriaMetrics/VictoriaMetrics/app/victoria-metrics/test/prom_types.go:130.54,133.2 2 0
github.com/VictoriaMetrics/VictoriaMetrics/app/victoria-metrics/test/prom_types.go:136.65,138.22 2 0
github.com/VictoriaMetrics/VictoriaMetrics/app/victoria-metrics/test/prom_types.go:143.2,143.18 1 0
github.com/VictoriaMetrics/VictoriaMetrics/app/victoria-metrics/test/prom_types.go:149.2,149.27 1 0
github.com/VictoriaMetrics/VictoriaMetrics/app/victoria-metrics/test/prom_types.go:138.22,142.3 3 0
github.com/VictoriaMetrics/VictoriaMetrics/app/victoria-metrics/test/prom_types.go:143.18,148.3 4 0
github.com/VictoriaMetrics/VictoriaMetrics/app/victoria-metrics/test/prom_types.go:153.57,157.16 4 0
github.com/VictoriaMetrics/VictoriaMetrics/app/victoria-metrics/test/prom_types.go:160.2,160.22 1 0
github.com/VictoriaMetrics/VictoriaMetrics/app/victoria-metrics/test/prom_types.go:157.16,159.3 1 0
github.com/VictoriaMetrics/VictoriaMetrics/app/victoria-metrics/test/prom_types.go:164.58,167.2 2 0
github.com/VictoriaMetrics/VictoriaMetrics/app/victoria-metrics/test/prom_types.go:170.69,172.24 2 0
github.com/VictoriaMetrics/VictoriaMetrics/app/victoria-metrics/test/prom_types.go:186.2,186.23 1 0
github.com/VictoriaMetrics/VictoriaMetrics/app/victoria-metrics/test/prom_types.go:200.2,200.27 1 0
github.com/VictoriaMetrics/VictoriaMetrics/app/victoria-metrics/test/prom_types.go:172.24,173.56 1 0
github.com/VictoriaMetrics/VictoriaMetrics/app/victoria-metrics/test/prom_types.go:173.56,174.4 1 0
github.com/VictoriaMetrics/VictoriaMetrics/app/victoria-metrics/test/prom_types.go:182.4,183.18 2 0
github.com/VictoriaMetrics/VictoriaMetrics/app/victoria-metrics/test/prom_types.go:174.4,176.19 2 0
github.com/VictoriaMetrics/VictoriaMetrics/app/victoria-metrics/test/prom_types.go:179.5,180.49 2 0
github.com/VictoriaMetrics/VictoriaMetrics/app/victoria-metrics/test/prom_types.go:176.19,178.6 1 0
github.com/VictoriaMetrics/VictoriaMetrics/app/victoria-metrics/test/prom_types.go:186.23,187.55 1 0
github.com/VictoriaMetrics/VictoriaMetrics/app/victoria-metrics/test/prom_types.go:187.55,188.4 1 0
github.com/VictoriaMetrics/VictoriaMetrics/app/victoria-metrics/test/prom_types.go:196.4,197.17 2 0
github.com/VictoriaMetrics/VictoriaMetrics/app/victoria-metrics/test/prom_types.go:188.4,190.19 2 0
github.com/VictoriaMetrics/VictoriaMetrics/app/victoria-metrics/test/prom_types.go:193.5,194.49 2 0
github.com/VictoriaMetrics/VictoriaMetrics/app/victoria-metrics/test/prom_types.go:190.19,192.6 1 0
github.com/VictoriaMetrics/VictoriaMetrics/app/victoria-metrics/test/prom_types.go:204.52,208.16 4 0
github.com/VictoriaMetrics/VictoriaMetrics/app/victoria-metrics/test/prom_types.go:211.2,211.22 1 0
github.com/VictoriaMetrics/VictoriaMetrics/app/victoria-metrics/test/prom_types.go:208.16,210.3 1 0
github.com/VictoriaMetrics/VictoriaMetrics/app/victoria-metrics/test/prom_types.go:215.53,218.2 2 0
github.com/VictoriaMetrics/VictoriaMetrics/app/victoria-metrics/test/prom_types.go:221.64,226.22 5 0
github.com/VictoriaMetrics/VictoriaMetrics/app/victoria-metrics/test/prom_types.go:233.2,233.21 1 0
github.com/VictoriaMetrics/VictoriaMetrics/app/victoria-metrics/test/prom_types.go:240.2,240.27 1 0
github.com/VictoriaMetrics/VictoriaMetrics/app/victoria-metrics/test/prom_types.go:226.22,232.3 5 0
github.com/VictoriaMetrics/VictoriaMetrics/app/victoria-metrics/test/prom_types.go:233.21,239.3 5 0
github.com/VictoriaMetrics/VictoriaMetrics/app/victoria-metrics/test/prom_types.go:244.53,248.16 4 0
github.com/VictoriaMetrics/VictoriaMetrics/app/victoria-metrics/test/prom_types.go:251.2,251.22 1 0
github.com/VictoriaMetrics/VictoriaMetrics/app/victoria-metrics/test/prom_types.go:248.16,250.3 1 0
github.com/VictoriaMetrics/VictoriaMetrics/app/victoria-metrics/test/prom_types.go:255.54,258.2 2 0
github.com/VictoriaMetrics/VictoriaMetrics/app/victoria-metrics/test/prom_types.go:261.65,263.23 2 0
github.com/VictoriaMetrics/VictoriaMetrics/app/victoria-metrics/test/prom_types.go:277.2,277.27 1 0
github.com/VictoriaMetrics/VictoriaMetrics/app/victoria-metrics/test/prom_types.go:263.23,264.55 1 0
github.com/VictoriaMetrics/VictoriaMetrics/app/victoria-metrics/test/prom_types.go:264.55,265.4 1 0
github.com/VictoriaMetrics/VictoriaMetrics/app/victoria-metrics/test/prom_types.go:273.4,274.17 2 0
github.com/VictoriaMetrics/VictoriaMetrics/app/victoria-metrics/test/prom_types.go:265.4,267.19 2 0
github.com/VictoriaMetrics/VictoriaMetrics/app/victoria-metrics/test/prom_types.go:270.5,271.49 2 0
github.com/VictoriaMetrics/VictoriaMetrics/app/victoria-metrics/test/prom_types.go:267.19,269.6 1 0
github.com/VictoriaMetrics/VictoriaMetrics/app/victoria-metrics/test/prom_types.go:280.63,283.16 3 0
github.com/VictoriaMetrics/VictoriaMetrics/app/victoria-metrics/test/prom_types.go:288.2,289.13 2 0
github.com/VictoriaMetrics/VictoriaMetrics/app/victoria-metrics/test/prom_types.go:283.16,287.3 3 0
github.com/VictoriaMetrics/VictoriaMetrics/app/victoria-metrics/test/prom_types.go:293.33,294.14 1 0
github.com/VictoriaMetrics/VictoriaMetrics/app/victoria-metrics/test/prom_types.go:297.2,297.18 1 0
github.com/VictoriaMetrics/VictoriaMetrics/app/victoria-metrics/test/prom_types.go:300.2,300.22 1 0
github.com/VictoriaMetrics/VictoriaMetrics/app/victoria-metrics/test/prom_types.go:303.2,303.10 1 0
github.com/VictoriaMetrics/VictoriaMetrics/app/victoria-metrics/test/prom_types.go:294.14,296.3 1 0
github.com/VictoriaMetrics/VictoriaMetrics/app/victoria-metrics/test/prom_types.go:297.18,299.3 1 0
github.com/VictoriaMetrics/VictoriaMetrics/app/victoria-metrics/test/prom_types.go:300.22,302.3 1 0
github.com/VictoriaMetrics/VictoriaMetrics/app/victoria-metrics/test/prom_types.go:307.37,308.14 1 0
github.com/VictoriaMetrics/VictoriaMetrics/app/victoria-metrics/test/prom_types.go:311.2,313.23 3 0
github.com/VictoriaMetrics/VictoriaMetrics/app/victoria-metrics/test/prom_types.go:319.2,319.24 1 0
github.com/VictoriaMetrics/VictoriaMetrics/app/victoria-metrics/test/prom_types.go:325.2,325.10 1 0
github.com/VictoriaMetrics/VictoriaMetrics/app/victoria-metrics/test/prom_types.go:308.14,310.3 1 0
github.com/VictoriaMetrics/VictoriaMetrics/app/victoria-metrics/test/prom_types.go:313.23,314.30 1 0
github.com/VictoriaMetrics/VictoriaMetrics/app/victoria-metrics/test/prom_types.go:314.30,317.4 2 0
github.com/VictoriaMetrics/VictoriaMetrics/app/victoria-metrics/test/prom_types.go:319.24,320.31 1 0
github.com/VictoriaMetrics/VictoriaMetrics/app/victoria-metrics/test/prom_types.go:320.31,323.4 2 0
github.com/VictoriaMetrics/VictoriaMetrics/app/victoria-metrics/test/prom_types.go:329.32,330.14 1 0
github.com/VictoriaMetrics/VictoriaMetrics/app/victoria-metrics/test/prom_types.go:333.2,336.11 4 0
github.com/VictoriaMetrics/VictoriaMetrics/app/victoria-metrics/test/prom_types.go:339.2,340.11 2 0
github.com/VictoriaMetrics/VictoriaMetrics/app/victoria-metrics/test/prom_types.go:343.2,343.10 1 0
github.com/VictoriaMetrics/VictoriaMetrics/app/victoria-metrics/test/prom_types.go:330.14,332.3 1 0
github.com/VictoriaMetrics/VictoriaMetrics/app/victoria-metrics/test/prom_types.go:336.11,338.3 1 0
github.com/VictoriaMetrics/VictoriaMetrics/app/victoria-metrics/test/prom_types.go:340.11,342.3 1 0
github.com/VictoriaMetrics/VictoriaMetrics/app/victoria-metrics/test/prom_types.go:347.33,348.14 1 0
github.com/VictoriaMetrics/VictoriaMetrics/app/victoria-metrics/test/prom_types.go:351.2,353.23 3 0
github.com/VictoriaMetrics/VictoriaMetrics/app/victoria-metrics/test/prom_types.go:359.2,359.10 1 0
github.com/VictoriaMetrics/VictoriaMetrics/app/victoria-metrics/test/prom_types.go:348.14,350.3 1 0
github.com/VictoriaMetrics/VictoriaMetrics/app/victoria-metrics/test/prom_types.go:353.23,354.30 1 0
github.com/VictoriaMetrics/VictoriaMetrics/app/victoria-metrics/test/prom_types.go:354.30,357.4 2 0
github.com/VictoriaMetrics/VictoriaMetrics/app/victoria-metrics/test/prom_types.go:362.33,364.2 1 0
github.com/VictoriaMetrics/VictoriaMetrics/app/victoria-metrics/test/prom_writter.go:6.48,8.16 2 0
github.com/VictoriaMetrics/VictoriaMetrics/app/victoria-metrics/test/prom_writter.go:11.2,11.38 1 0
github.com/VictoriaMetrics/VictoriaMetrics/app/victoria-metrics/test/prom_writter.go:8.16,10.3 1 0
github.com/VictoriaMetrics/VictoriaMetrics/app/victoria-metrics/main.go:40.13,49.27 7 0
github.com/VictoriaMetrics/VictoriaMetrics/app/victoria-metrics/main.go:52.2,52.13 1 0
github.com/VictoriaMetrics/VictoriaMetrics/app/victoria-metrics/main.go:60.2,79.57 16 0
github.com/VictoriaMetrics/VictoriaMetrics/app/victoria-metrics/main.go:82.2,90.103 6 0
github.com/VictoriaMetrics/VictoriaMetrics/app/victoria-metrics/main.go:49.27,51.3 1 0
github.com/VictoriaMetrics/VictoriaMetrics/app/victoria-metrics/main.go:52.13,53.50 1 0
github.com/VictoriaMetrics/VictoriaMetrics/app/victoria-metrics/main.go:56.3,57.9 2 0
github.com/VictoriaMetrics/VictoriaMetrics/app/victoria-metrics/main.go:53.50,55.4 1 0
github.com/VictoriaMetrics/VictoriaMetrics/app/victoria-metrics/main.go:79.57,81.3 1 0
github.com/VictoriaMetrics/VictoriaMetrics/app/victoria-metrics/main.go:93.66,94.23 1 30
github.com/VictoriaMetrics/VictoriaMetrics/app/victoria-metrics/main.go:118.2,118.35 1 30
github.com/VictoriaMetrics/VictoriaMetrics/app/victoria-metrics/main.go:121.2,121.35 1 22
github.com/VictoriaMetrics/VictoriaMetrics/app/victoria-metrics/main.go:124.2,124.36 1 0
github.com/VictoriaMetrics/VictoriaMetrics/app/victoria-metrics/main.go:127.2,127.14 1 0
github.com/VictoriaMetrics/VictoriaMetrics/app/victoria-metrics/main.go:94.23,95.24 1 0
github.com/VictoriaMetrics/VictoriaMetrics/app/victoria-metrics/main.go:98.3,116.14 6 0
github.com/VictoriaMetrics/VictoriaMetrics/app/victoria-metrics/main.go:95.24,97.4 1 0
github.com/VictoriaMetrics/VictoriaMetrics/app/victoria-metrics/main.go:118.35,120.3 1 8
github.com/VictoriaMetrics/VictoriaMetrics/app/victoria-metrics/main.go:121.35,123.3 1 22
github.com/VictoriaMetrics/VictoriaMetrics/app/victoria-metrics/main.go:124.36,126.3 1 0
github.com/VictoriaMetrics/VictoriaMetrics/app/victoria-metrics/main.go:130.14,137.2 2 0
github.com/VictoriaMetrics/VictoriaMetrics/app/victoria-metrics/self_scraper.go:26.25,29.12 3 0
github.com/VictoriaMetrics/VictoriaMetrics/app/victoria-metrics/self_scraper.go:29.12,32.3 2 0
github.com/VictoriaMetrics/VictoriaMetrics/app/victoria-metrics/self_scraper.go:35.24,38.2 2 0
github.com/VictoriaMetrics/VictoriaMetrics/app/victoria-metrics/self_scraper.go:40.48,41.25 1 0
github.com/VictoriaMetrics/VictoriaMetrics/app/victoria-metrics/self_scraper.go:45.2,53.6 8 0
github.com/VictoriaMetrics/VictoriaMetrics/app/victoria-metrics/self_scraper.go:41.25,44.3 1 0
github.com/VictoriaMetrics/VictoriaMetrics/app/victoria-metrics/self_scraper.go:53.6,54.10 1 0
github.com/VictoriaMetrics/VictoriaMetrics/app/victoria-metrics/self_scraper.go:62.3,68.28 7 0
github.com/VictoriaMetrics/VictoriaMetrics/app/victoria-metrics/self_scraper.go:88.3,88.48 1 0
github.com/VictoriaMetrics/VictoriaMetrics/app/victoria-metrics/self_scraper.go:55.28,58.10 3 0
github.com/VictoriaMetrics/VictoriaMetrics/app/victoria-metrics/self_scraper.go:59.29,60.51 1 0
github.com/VictoriaMetrics/VictoriaMetrics/app/victoria-metrics/self_scraper.go:68.28,74.26 6 0
github.com/VictoriaMetrics/VictoriaMetrics/app/victoria-metrics/self_scraper.go:78.4,78.27 1 0
github.com/VictoriaMetrics/VictoriaMetrics/app/victoria-metrics/self_scraper.go:83.4,86.22 4 0
github.com/VictoriaMetrics/VictoriaMetrics/app/victoria-metrics/self_scraper.go:74.26,77.5 2 0
github.com/VictoriaMetrics/VictoriaMetrics/app/victoria-metrics/self_scraper.go:78.27,80.5 1 0
github.com/VictoriaMetrics/VictoriaMetrics/app/victoria-metrics/self_scraper.go:80.10,82.5 1 0
github.com/VictoriaMetrics/VictoriaMetrics/app/victoria-metrics/self_scraper.go:88.48,90.4 1 0
github.com/VictoriaMetrics/VictoriaMetrics/app/victoria-metrics/self_scraper.go:94.69,95.25 1 0
github.com/VictoriaMetrics/VictoriaMetrics/app/victoria-metrics/self_scraper.go:100.2,103.12 4 0
github.com/VictoriaMetrics/VictoriaMetrics/app/victoria-metrics/self_scraper.go:95.25,97.3 1 0
github.com/VictoriaMetrics/VictoriaMetrics/app/victoria-metrics/self_scraper.go:97.8,99.3 1 0
